<?xml version="1.0" encoding="UTF-8"?>
<!-- Generated by org.testng.reporters.JUnitXMLReporter -->
<testsuite ignored="0" hostname="DESKTOP-QHQ78OS" failures="0" tests="9" name="Test" time="63.482" errors="0" timestamp="16 Jul 2020 20:18:57 GMT">
  <testcase classname="gov.gao.qa.testcases.CongressAddresseesTest" name="verifyCongressionalAddressesPage_test" time="0.739"/>
  <testcase classname="gov.gao.qa.testcases.AppendixesTest" name="verifyAppendixesPagePresent_test" time="0.682"/>
  <testcase classname="gov.gao.qa.testcases.IntroductionTest" name="verifyIntroductionPage_test" time="0.691"/>
  <testcase classname="gov.gao.qa.testcases.ConclusionsTest" name="verifyConclusionsPage_test" time="0.797"/>
  <testcase classname="gov.gao.qa.testcases.BackgroundTest" name="verifyBackgroundPage_test" time="0.775"/>
  <testcase classname="gov.gao.qa.testcases.HighlightsTest" name="verifyHighlightsPage_test" time="0.788"/>
  <testcase classname="gov.gao.qa.testcases.ContactsTest" name="verifyContactsPage_test" time="0.762"/>
  <testcase classname="gov.gao.qa.testcases.AgencyCommentsTest" name="verifyAgencyCommentsPage_test" time="0.799"/>
  <testcase classname="gov.gao.qa.testcases.MainTest" name="verifyMainPageTitle_test" time="0.013"/>
</testsuite> <!-- Test -->
