<?xml version="1.0" encoding="UTF-8"?>
<!-- Generated by org.testng.reporters.JUnitXMLReporter -->
<testsuite ignored="0" hostname="DESKTOP-QHQ78OS" failures="0" tests="5" name="Command line test" time="19.585" errors="0" timestamp="14 Aug 2020 19:00:43 GMT">
  <testcase classname="gov.gao.qa.testcases.ContactsTest" name="verifyContactsPage_test" time="2.477"/>
  <testcase classname="gov.gao.qa.testcases.ContactsTest" name="verifyClickOnContactePage_test" time="0.072"/>
  <testcase classname="gov.gao.qa.testcases.ContactsTest" name="verifyContactsPageHeader_test" time="3.245"/>
  <testcase classname="gov.gao.qa.testcases.ContactsTest" name="verifyContactInfo_test" time="2.307"/>
  <testcase classname="gov.gao.qa.testcases.ContactsTest" name="verifyMajorFindingsLink_test" time="3.433"/>
</testsuite> <!-- Command line test -->
